<?xml version="1.0" encoding="UTF-8"?>
<testng-results ignored="0" total="3" passed="3" failed="0" skipped="0">
  <reporter-output>
  </reporter-output>
  <suite started-at="2023-09-27T08:24:26 UTC" name="Surefire suite" finished-at="2023-09-27T08:24:44 UTC" duration-ms="18374">
    <groups>
    </groups>
    <test started-at="2023-09-27T08:24:26 UTC" name="Surefire test" finished-at="2023-09-27T08:24:44 UTC" duration-ms="18374">
      <class name="runner.Testcase_Register">
        <test-method is-config="true" signature="beforeMethod()[pri:0, instance:runner.Testcase_Register@2631f68c]" started-at="2023-09-27T08:24:32 UTC" name="beforeMethod" finished-at="2023-09-27T08:24:34 UTC" duration-ms="2537" status="PASS">
          <reporter-output>
          </reporter-output>
        </test-method> <!-- beforeMethod -->
        <test-method signature="TC_003()[pri:3, instance:runner.Testcase_Register@2631f68c]" started-at="2023-09-27T08:24:34 UTC" name="TC_003" finished-at="2023-09-27T08:24:39 UTC" duration-ms="4521" status="PASS">
          <reporter-output>
          </reporter-output>
        </test-method> <!-- TC_003 -->
        <test-method is-config="true" signature="afterMethod()[pri:0, instance:runner.Testcase_Register@2631f68c]" started-at="2023-09-27T08:24:39 UTC" name="afterMethod" finished-at="2023-09-27T08:24:39 UTC" duration-ms="169" status="PASS">
          <reporter-output>
          </reporter-output>
        </test-method> <!-- afterMethod -->
      </class> <!-- runner.Testcase_Register -->
      <class name="runner.Testcase_Login">
        <test-method is-config="true" signature="beforeMethod()[pri:0, instance:runner.Testcase_Login@6ed3f258]" started-at="2023-09-27T08:24:39 UTC" name="beforeMethod" finished-at="2023-09-27T08:24:41 UTC" duration-ms="2476" status="PASS">
          <reporter-output>
          </reporter-output>
        </test-method> <!-- beforeMethod -->
        <test-method signature="TC_001()[pri:1, instance:runner.Testcase_Login@6ed3f258]" started-at="2023-09-27T08:24:41 UTC" name="TC_001" finished-at="2023-09-27T08:24:44 UTC" duration-ms="2518" status="PASS">
          <reporter-output>
          </reporter-output>
        </test-method> <!-- TC_001 -->
        <test-method is-config="true" signature="afterMethod()[pri:0, instance:runner.Testcase_Login@6ed3f258]" started-at="2023-09-27T08:24:44 UTC" name="afterMethod" finished-at="2023-09-27T08:24:44 UTC" duration-ms="182" status="PASS">
          <reporter-output>
          </reporter-output>
        </test-method> <!-- afterMethod -->
      </class> <!-- runner.Testcase_Login -->
      <class name="runner.Testcase_Poll">
        <test-method is-config="true" signature="beforeMethod()[pri:0, instance:runner.Testcase_Poll@77102b91]" started-at="2023-09-27T08:24:26 UTC" name="beforeMethod" finished-at="2023-09-27T08:24:30 UTC" duration-ms="3955" status="PASS">
          <reporter-output>
          </reporter-output>
        </test-method> <!-- beforeMethod -->
        <test-method signature="TC_002()[pri:2, instance:runner.Testcase_Poll@77102b91]" started-at="2023-09-27T08:24:30 UTC" name="TC_002" finished-at="2023-09-27T08:24:31 UTC" duration-ms="1475" status="PASS">
          <reporter-output>
          </reporter-output>
        </test-method> <!-- TC_002 -->
        <test-method is-config="true" signature="afterMethod()[pri:0, instance:runner.Testcase_Poll@77102b91]" started-at="2023-09-27T08:24:31 UTC" name="afterMethod" finished-at="2023-09-27T08:24:32 UTC" duration-ms="494" status="PASS">
          <reporter-output>
          </reporter-output>
        </test-method> <!-- afterMethod -->
      </class> <!-- runner.Testcase_Poll -->
    </test> <!-- Surefire test -->
  </suite> <!-- Surefire suite -->
</testng-results>
