<?xml version="1.0" encoding="UTF-8"?>
<!-- Generated by org.testng.reporters.JUnitXMLReporter -->
<testsuite ignored="0" hostname="seleniuminstance1-0" failures="0" tests="3" name="Surefire test" time="18.374" errors="0" timestamp="2023-09-27T08:24:44 UTC">
  <testcase classname="runner.Testcase_Poll" name="TC_002" time="1.475"/>
  <testcase classname="runner.Testcase_Register" name="TC_003" time="4.521"/>
  <testcase classname="runner.Testcase_Login" name="TC_001" time="2.518"/>
</testsuite> <!-- Surefire test -->
